<?xml version="1.0" encoding="UTF-8"?>
<!-- Generated by org.testng.reporters.JUnitReportReporter -->
<testsuite hostname="DESKTOP-6VF8RE9" failures="0" tests="5" name="com.orangehrm.LoginorhmTest" time="54.256" errors="0" timestamp="2025-09-13T08:41:47 IST" skipped="0">
  <testcase classname="com.orangehrm.LoginorhmTest" name="Ohrmlogin" time="8.501"/>
  <testcase classname="com.orangehrm.LoginorhmTest" name="Ohrmlogin" time="8.635"/>
  <testcase classname="com.orangehrm.LoginorhmTest" name="Ohrmlogin" time="19.753"/>
  <testcase classname="com.orangehrm.LoginorhmTest" name="Ohrmlogin" time="8.843"/>
  <testcase classname="com.orangehrm.LoginorhmTest" name="Ohrmlogin" time="8.524"/>
</testsuite> <!-- com.orangehrm.LoginorhmTest -->
