<?xml version="1.0" encoding="UTF-8"?>
<!-- Generated by org.testng.reporters.JUnitReportReporter -->
<testsuite hostname="DESKTOP-6VF8RE9" failures="0" tests="4" name="com.bstackdemo.Carttest" time="10.587" errors="0" timestamp="2025-09-12T11:27:34 IST" skipped="0">
  <testcase classname="com.bstackdemo.Carttest" name="login" time="5.353"/>
  <testcase classname="com.bstackdemo.Carttest" name="addingMul" time="1.366"/>
  <testcase classname="com.bstackdemo.Carttest" name="remove" time="3.528"/>
  <testcase classname="com.bstackdemo.Carttest" name="verifyCartCount" time="0.340"/>
</testsuite> <!-- com.bstackdemo.Carttest -->
