<?xml version="1.0" encoding="UTF-8"?>
<!-- Generated by org.testng.reporters.JUnitReportReporter -->
<testsuite hostname="DESKTOP-6VF8RE9" failures="0" tests="5" name="com.orangehrm.LoginorhmTest" time="44.643" errors="0" timestamp="2025-09-12T09:50:31 IST" skipped="0">
  <testcase classname="com.orangehrm.LoginorhmTest" name="Ohrmlogin" time="8.290"/>
  <testcase classname="com.orangehrm.LoginorhmTest" name="Ohrmlogin" time="8.334"/>
  <testcase classname="com.orangehrm.LoginorhmTest" name="Ohrmlogin" time="8.353"/>
  <testcase classname="com.orangehrm.LoginorhmTest" name="Ohrmlogin" time="11.479"/>
  <testcase classname="com.orangehrm.LoginorhmTest" name="Ohrmlogin" time="8.187"/>
</testsuite> <!-- com.orangehrm.LoginorhmTest -->
