<?xml version="1.0" encoding="UTF-8"?>
<!-- Generated by org.testng.reporters.JUnitReportReporter -->
<testsuite hostname="DESKTOP-6VF8RE9" failures="0" tests="10" name="com.RestapiProject.TelecomP" time="18.590" errors="0" timestamp="2025-09-13T08:18:56 IST" skipped="0">
  <testcase classname="com.RestapiProject.TelecomP" name="addNewUser" time="4.317"/>
  <testcase classname="com.RestapiProject.TelecomP" name="getUserProfile" time="1.671"/>
  <testcase classname="com.RestapiProject.TelecomP" name="updateUser" time="1.517"/>
  <testcase classname="com.RestapiProject.TelecomP" name="loginUser" time="1.515"/>
  <testcase classname="com.RestapiProject.TelecomP" name="addContact" time="1.732"/>
  <testcase classname="com.RestapiProject.TelecomP" name="getContactList" time="1.611"/>
  <testcase classname="com.RestapiProject.TelecomP" name="getContact" time="1.614"/>
  <testcase classname="com.RestapiProject.TelecomP" name="updateContact" time="1.597"/>
  <testcase classname="com.RestapiProject.TelecomP" name="updateContactPartial" time="1.550"/>
  <testcase classname="com.RestapiProject.TelecomP" name="logoutUser" time="1.466"/>
</testsuite> <!-- com.RestapiProject.TelecomP -->
