<?xml version="1.0" encoding="UTF-8"?>
<!-- Generated by org.testng.reporters.JUnitReportReporter -->
<testsuite hostname="DESKTOP-6VF8RE9" failures="0" tests="4" name="com.orangehrm.Admintextexectn2" time="13.672" errors="0" timestamp="2025-09-13T08:41:47 IST" skipped="0">
  <testcase classname="com.orangehrm.Admintextexectn2" name="testMenuOptions" time="2.280"/>
  <testcase classname="com.orangehrm.Admintextexectn2" name="testSearchByUserName" time="3.862"/>
  <testcase classname="com.orangehrm.Admintextexectn2" name="testSearchByUserRole" time="3.745"/>
  <testcase classname="com.orangehrm.Admintextexectn2" name="testSearchByUserStatus" time="3.785"/>
</testsuite> <!-- com.orangehrm.Admintextexectn2 -->
