<?xml version="1.0" encoding="UTF-8"?>
<!-- Generated by org.testng.reporters.JUnitReportReporter -->
<testsuite hostname="DESKTOP-6VF8RE9" failures="0" tests="3" name="com.bstackdemo.Logintest" time="17.782" errors="0" timestamp="2025-09-12T11:27:34 IST" skipped="0">
  <testcase classname="com.bstackdemo.Logintest" name="valid" time="6.389"/>
  <testcase classname="com.bstackdemo.Logintest" name="invalid" time="5.786"/>
  <testcase classname="com.bstackdemo.Logintest" name="empty" time="5.607"/>
</testsuite> <!-- com.bstackdemo.Logintest -->
