<?xml version="1.0" encoding="UTF-8"?>
<!-- Generated by org.testng.reporters.JUnitReportReporter -->
<testsuite hostname="DESKTOP-6VF8RE9" failures="0" tests="3" name="com.bstackdemo.Logintest" time="18.551" errors="0" timestamp="2025-09-13T09:41:58 IST" skipped="0">
  <testcase classname="com.bstackdemo.Logintest" name="valid" time="6.141"/>
  <testcase classname="com.bstackdemo.Logintest" name="invalid" time="5.707"/>
  <testcase classname="com.bstackdemo.Logintest" name="empty" time="6.703"/>
</testsuite> <!-- com.bstackdemo.Logintest -->
