<?xml version="1.0" encoding="UTF-8"?>
<!-- Generated by org.testng.reporters.JUnitReportReporter -->
<testsuite hostname="DESKTOP-6VF8RE9" failures="0" tests="4" name="com.bstackdemo.Checkouttest" time="19.108" errors="0" timestamp="2025-09-12T11:27:34 IST" skipped="0">
  <testcase classname="com.bstackdemo.Checkouttest" name="login" time="5.650"/>
  <testcase classname="com.bstackdemo.Checkouttest" name="productsearch" time="5.001"/>
  <testcase classname="com.bstackdemo.Checkouttest" name="addtocart" time="1.178"/>
  <testcase classname="com.bstackdemo.Checkouttest" name="checkout" time="7.279"/>
</testsuite> <!-- com.bstackdemo.Checkouttest -->
