<?xml version="1.0" encoding="UTF-8"?>
<!-- Generated by org.testng.reporters.JUnitReportReporter -->
<testsuite hostname="DESKTOP-6VF8RE9" failures="0" tests="4" name="com.bstackdemo.Carttest" time="9.696" errors="0" timestamp="2025-09-13T09:41:58 IST" skipped="0">
  <testcase classname="com.bstackdemo.Carttest" name="login" time="5.032"/>
  <testcase classname="com.bstackdemo.Carttest" name="addingMul" time="0.853"/>
  <testcase classname="com.bstackdemo.Carttest" name="remove" time="3.773"/>
  <testcase classname="com.bstackdemo.Carttest" name="verifyCartCount" time="0.038"/>
</testsuite> <!-- com.bstackdemo.Carttest -->
