<?xml version="1.0" encoding="UTF-8"?>
<!-- Generated by org.testng.reporters.JUnitReportReporter -->
<testsuite hostname="DESKTOP-6VF8RE9" failures="0" tests="4" name="com.bstackdemo.Checkouttest" time="16.865" errors="0" timestamp="2025-09-13T09:41:58 IST" skipped="0">
  <testcase classname="com.bstackdemo.Checkouttest" name="login" time="5.135"/>
  <testcase classname="com.bstackdemo.Checkouttest" name="productsearch" time="4.174"/>
  <testcase classname="com.bstackdemo.Checkouttest" name="addtocart" time="0.866"/>
  <testcase classname="com.bstackdemo.Checkouttest" name="checkout" time="6.690"/>
</testsuite> <!-- com.bstackdemo.Checkouttest -->
