<?xml version="1.0" encoding="UTF-8"?>
<!-- Generated by org.testng.reporters.JUnitReportReporter -->
<testsuite hostname="DESKTOP-6VF8RE9" failures="0" tests="4" name="com.orangehrm.Admintextexectn2" time="11.645" errors="0" timestamp="2025-09-12T11:25:48 IST" skipped="0">
  <testcase classname="com.orangehrm.Admintextexectn2" name="testMenuOptions" time="2.063"/>
  <testcase classname="com.orangehrm.Admintextexectn2" name="testSearchByUserName" time="3.172"/>
  <testcase classname="com.orangehrm.Admintextexectn2" name="testSearchByUserRole" time="3.106"/>
  <testcase classname="com.orangehrm.Admintextexectn2" name="testSearchByUserStatus" time="3.304"/>
</testsuite> <!-- com.orangehrm.Admintextexectn2 -->
